"" 

Tue Apr 15 2025 19:06:45:609 GMT+0300 (Фінляндія (літо)) -- Binary semantic version is v8.9.14
Tue Apr 15 2025 19:06:45:610 GMT+0300 (Фінляндія (літо)) -- Setting output as extra verbose with request parsing
Tue Apr 15 2025 19:06:47:578 GMT+0300 (Фінляндія (літо)) -- [SUCCESS] You can now access your local server(s) in our remote browser

Tue Apr 15 2025 19:06:47:773 GMT+0300 (Фінляндія (літо)) -- Connecting to BrowserStack using WebSocket protocol...
Tue Apr 15 2025 19:06:47:774 GMT+0300 (Фінляндія (літо)) -- Platform supports WebSocket connections.

Tue Apr 15 2025 19:06:47:880 GMT+0300 (Фінляндія (літо)) -- Press Ctrl-C to exit


Tue Apr 15 2025 19:06:48:751 GMT+0300 (Фінляндія (літо)) -- Starting configuration console on http://localhost:45454

Tue Apr 15 2025 19:11:48:360 GMT+0300 (Фінляндія (літо)) -- Binary semantic version is v8.9.14
Tue Apr 15 2025 19:11:48:360 GMT+0300 (Фінляндія (літо)) -- Setting output as extra verbose with request parsing
Tue Apr 15 2025 19:11:49:78 GMT+0300 (Фінляндія (літо)) -- [WARNING] Skipping initialisation of configuration console because: port already in use by another Binary
Tue Apr 15 2025 19:11:49:839 GMT+0300 (Фінляндія (літо)) -- [SUCCESS] You can now access your local server(s) in our remote browser

Tue Apr 15 2025 19:11:50:44 GMT+0300 (Фінляндія (літо)) -- Connecting to BrowserStack using WebSocket protocol...
Tue Apr 15 2025 19:11:50:44 GMT+0300 (Фінляндія (літо)) -- Platform supports WebSocket connections.

Tue Apr 15 2025 19:11:50:150 GMT+0300 (Фінляндія (літо)) -- Press Ctrl-C to exit



Tue Apr 15 2025 19:15:09:399 GMT+0300 (Фінляндія (літо)) -- Binary semantic version is v8.9.14
Tue Apr 15 2025 19:15:09:399 GMT+0300 (Фінляндія (літо)) -- Setting output as extra verbose with request parsing
Tue Apr 15 2025 19:15:10:47 GMT+0300 (Фінляндія (літо)) -- [WARNING] Skipping initialisation of configuration console because: port already in use by another Binary
Tue Apr 15 2025 19:15:10:922 GMT+0300 (Фінляндія (літо)) -- [SUCCESS] You can now access your local server(s) in our remote browser

Tue Apr 15 2025 19:15:11:33 GMT+0300 (Фінляндія (літо)) -- Connecting to BrowserStack using WebSocket protocol...
Tue Apr 15 2025 19:15:11:33 GMT+0300 (Фінляндія (літо)) -- Platform supports WebSocket connections.

Tue Apr 15 2025 19:15:11:134 GMT+0300 (Фінляндія (літо)) -- Press Ctrl-C to exit



Tue Apr 15 2025 19:18:01:719 GMT+0300 (Фінляндія (літо)) -- Binary semantic version is v8.9.14
Tue Apr 15 2025 19:18:01:720 GMT+0300 (Фінляндія (літо)) -- Setting output as extra verbose with request parsing
Tue Apr 15 2025 19:18:02:559 GMT+0300 (Фінляндія (літо)) -- [WARNING] Skipping initialisation of configuration console because: port already in use by another Binary
Tue Apr 15 2025 19:18:03:335 GMT+0300 (Фінляндія (літо)) -- [SUCCESS] You can now access your local server(s) in our remote browser

Tue Apr 15 2025 19:18:03:433 GMT+0300 (Фінляндія (літо)) -- Connecting to BrowserStack using WebSocket protocol...
Tue Apr 15 2025 19:18:03:433 GMT+0300 (Фінляндія (літо)) -- Platform supports WebSocket connections.

Tue Apr 15 2025 19:18:03:546 GMT+0300 (Фінляндія (літо)) -- Press Ctrl-C to exit


Tue Apr 15 2025 20:21:50:408 GMT+0300 (Фінляндія (літо)) -- undefined
