2025-04-15 18:57:57 - [32minfo[39m: Creating configuration file...
2025-04-15 18:57:57 - [32minfo[39m: Adding new script(s) in package.json...
2025-04-15 18:57:57 - [32minfo[39m: Setup completed
2025-04-15 19:01:19 - [32minfo[39m: Running SDK with args C:\nvm4w\nodejs\node.exe C:\QA_Lead\Курси\RD_auto\Source\howework\homework_Yatsenko_Nadiia\lesson19\node_modules\browserstack-node-sdk\src\bin\runner.js playwright test
2025-04-15 19:01:19 - [32minfo[39m: Reading configs from C:\QA_Lead\Курси\RD_auto\Source\howework\homework_Yatsenko_Nadiia\lesson19\browserstack.yml
2025-04-15 19:01:19 - [32minfo[39m: SDK run started with id: 7d2dfa90-a50b-450d-8500-410549131f5a
2025-04-15 19:01:20 - [32minfo[39m: Project and debug logs are captured by default. To disable, set disableAutoCaptureLogs: true in config.
2025-04-15 19:01:29 - [32minfo[39m: Local binary started successfully
2025-04-15 19:01:31 - [32minfo[39m: Testhub started with id: jctdjteqg5dapmh6roa5nva3jshhk7q9wuoqw94u
2025-04-15 19:03:10 - [32minfo[39m: Shutdown triggered by SIGINT
2025-04-15 19:04:08 - [32minfo[39m: Visit https://observability.browserstack.com/builds/jctdjteqg5dapmh6roa5nva3jshhk7q9wuoqw94u to view build report, insights, and many more debugging information all at one place!

2025-04-15 19:04:09 - [32minfo[39m: Shutdown triggered by SIGHUP
2025-04-15 19:04:09 - [32minfo[39m: View build on BrowserStack dashboard: https://automate.browserstack.com/dashboard/v2/builds/d193500d1f4bdaf7716f211d4062db2f5b228774
2025-04-15 19:04:09 - [32minfo[39m: SDK run ended for id: 7d2dfa90-a50b-450d-8500-410549131f5a, testhub id: jctdjteqg5dapmh6roa5nva3jshhk7q9wuoqw94u
2025-04-15 19:04:10 - [32minfo[39m: Deleting C:\QA_Lead\Курси\RD_auto\Source\howework\homework_Yatsenko_Nadiia\lesson19\playwright-browserstack-sdk.config.ts
2025-04-15 19:06:42 - [32minfo[39m: Running SDK with args C:\nvm4w\nodejs\node.exe C:\QA_Lead\Курси\RD_auto\Source\howework\homework_Yatsenko_Nadiia\lesson19\node_modules\browserstack-node-sdk\src\bin\runner.js playwright test
2025-04-15 19:06:42 - [32minfo[39m: Reading configs from C:\QA_Lead\Курси\RD_auto\Source\howework\homework_Yatsenko_Nadiia\lesson19\browserstack.yml
2025-04-15 19:06:42 - [32minfo[39m: SDK run started with id: b9bcddc5-bac6-4996-9418-bda769e4ca59
2025-04-15 19:06:42 - [32minfo[39m: Project and debug logs are captured by default. To disable, set disableAutoCaptureLogs: true in config.
2025-04-15 19:06:48 - [32minfo[39m: Local binary started successfully
2025-04-15 19:06:50 - [32minfo[39m: Testhub started with id: bynfhmrvyoj8sttnmva6ipa0shhyagc57i6ssrpp
2025-04-15 19:09:24 - [32minfo[39m: Shutdown triggered by SIGINT
2025-04-15 19:11:46 - [32minfo[39m: Running SDK with args C:\nvm4w\nodejs\node.exe C:\QA_Lead\Курси\RD_auto\Source\howework\homework_Yatsenko_Nadiia\lesson19\node_modules\browserstack-node-sdk\src\bin\runner.js playwright test
2025-04-15 19:11:46 - [32minfo[39m: Reading configs from C:\QA_Lead\Курси\RD_auto\Source\howework\homework_Yatsenko_Nadiia\lesson19\browserstack.yml
2025-04-15 19:11:46 - [32minfo[39m: SDK run started with id: 54c9dfef-77b6-435d-9632-3c598b9d3ab2
2025-04-15 19:11:46 - [32minfo[39m: Project and debug logs are captured by default. To disable, set disableAutoCaptureLogs: true in config.
2025-04-15 19:11:50 - [32minfo[39m: Local binary started successfully
2025-04-15 19:11:52 - [32minfo[39m: Testhub started with id: gnfurdi95kgzmn8yzms5i6uurmdfbwhwsf34wone
2025-04-15 19:14:29 - [32minfo[39m: Shutdown triggered by SIGINT
2025-04-15 19:15:07 - [32minfo[39m: Running SDK with args C:\nvm4w\nodejs\node.exe C:\QA_Lead\Курси\RD_auto\Source\howework\homework_Yatsenko_Nadiia\lesson19\node_modules\browserstack-node-sdk\src\bin\runner.js playwright test
2025-04-15 19:15:07 - [32minfo[39m: Reading configs from C:\QA_Lead\Курси\RD_auto\Source\howework\homework_Yatsenko_Nadiia\lesson19\browserstack.yml
2025-04-15 19:15:07 - [32minfo[39m: SDK run started with id: 736e17c8-2fb4-4f60-a42a-5c653498922d
2025-04-15 19:15:07 - [32minfo[39m: Project and debug logs are captured by default. To disable, set disableAutoCaptureLogs: true in config.
2025-04-15 19:15:11 - [32minfo[39m: Local binary started successfully
2025-04-15 19:15:16 - [32minfo[39m: Testhub started with id: cf97zhjgcj0dqopfmjwjptcf6cum0qyfiwpnxnbo
2025-04-15 19:17:41 - [32minfo[39m: Shutdown triggered by SIGINT
2025-04-15 19:17:58 - [32minfo[39m: Running SDK with args C:\nvm4w\nodejs\node.exe C:\QA_Lead\Курси\RD_auto\Source\howework\homework_Yatsenko_Nadiia\lesson19\node_modules\browserstack-node-sdk\src\bin\runner.js playwright test
2025-04-15 19:17:58 - [32minfo[39m: Reading configs from C:\QA_Lead\Курси\RD_auto\Source\howework\homework_Yatsenko_Nadiia\lesson19\browserstack.yml
2025-04-15 19:17:58 - [32minfo[39m: SDK run started with id: b881dd88-f04f-4cee-a5a7-b369aaa5b5ce
2025-04-15 19:17:59 - [32minfo[39m: Project and debug logs are captured by default. To disable, set disableAutoCaptureLogs: true in config.
2025-04-15 19:18:03 - [32minfo[39m: Local binary started successfully
2025-04-15 19:18:05 - [32minfo[39m: Testhub started with id: c2rzcbdwagomypybhv27j30mfgxbddt72dwt4xb7
2025-04-15 19:24:38 - [32minfo[39m: Shutdown triggered by SIGINT
2025-04-15 19:24:59 - [32minfo[39m: Running SDK with args C:\nvm4w\nodejs\node.exe C:\QA_Lead\Курси\RD_auto\Source\howework\homework_Yatsenko_Nadiia\lesson19\node_modules\browserstack-node-sdk\src\bin\runner.js playwright test
2025-04-15 19:24:59 - [32minfo[39m: Reading configs from C:\QA_Lead\Курси\RD_auto\Source\howework\homework_Yatsenko_Nadiia\lesson19\browserstack.yml
2025-04-15 19:25:00 - [32minfo[39m: SDK run started with id: dd575a58-0f2d-4338-b08a-4669c9134c14
2025-04-15 19:25:00 - [32minfo[39m: Project and debug logs are captured by default. To disable, set disableAutoCaptureLogs: true in config.
2025-04-15 19:25:01 - [32minfo[39m: Testhub started with id: u4vnzxxhinne3ehrkhcyuj0n9tzfgpa1ug6benr5
2025-04-15 19:25:49 - [32minfo[39m: Visit https://observability.browserstack.com/builds/u4vnzxxhinne3ehrkhcyuj0n9tzfgpa1ug6benr5 to view build report, insights, and many more debugging information all at one place!

2025-04-15 19:25:50 - [32minfo[39m: SDK run ended for id: dd575a58-0f2d-4338-b08a-4669c9134c14, testhub id: u4vnzxxhinne3ehrkhcyuj0n9tzfgpa1ug6benr5
2025-04-15 19:25:51 - [32minfo[39m: Deleting C:\QA_Lead\Курси\RD_auto\Source\howework\homework_Yatsenko_Nadiia\lesson19\playwright-browserstack-sdk.config.ts
2025-04-15 21:16:34 - [32minfo[39m: Running SDK with args C:\nvm4w\nodejs\node.exe C:\QA_Lead\Курси\RD_auto\Source\howework\homework_Yatsenko_Nadiia\lesson19\node_modules\browserstack-node-sdk\src\bin\runner.js playwright test
2025-04-15 21:16:34 - [32minfo[39m: Reading configs from C:\QA_Lead\Курси\RD_auto\Source\howework\homework_Yatsenko_Nadiia\lesson19\browserstack.yml
2025-04-15 21:16:34 - [32minfo[39m: SDK run started with id: 9e2c8029-9a2f-4d8b-bfec-1e5a24bb6527
2025-04-15 21:16:35 - [32minfo[39m: Project and debug logs are captured by default. To disable, set disableAutoCaptureLogs: true in config.
2025-04-15 21:16:38 - [32minfo[39m: Testhub started with id: ter0gljp53b1wuhjlwhyu2b13fauny0pnzl20vz8
2025-04-15 21:17:36 - [32minfo[39m: Visit https://observability.browserstack.com/builds/ter0gljp53b1wuhjlwhyu2b13fauny0pnzl20vz8 to view build report, insights, and many more debugging information all at one place!

2025-04-15 21:17:36 - [32minfo[39m: SDK run ended for id: 9e2c8029-9a2f-4d8b-bfec-1e5a24bb6527, testhub id: ter0gljp53b1wuhjlwhyu2b13fauny0pnzl20vz8
2025-04-15 21:17:37 - [32minfo[39m: Deleting C:\QA_Lead\Курси\RD_auto\Source\howework\homework_Yatsenko_Nadiia\lesson19\playwright-browserstack-sdk.config.ts
2025-04-15 21:28:38 - [32minfo[39m: Shutdown triggered by SIGHUP
2025-04-15 21:28:38 - [32minfo[39m: Shutdown triggered by SIGHUP
2025-04-15 21:28:38 - [32minfo[39m: Visit https://observability.browserstack.com/builds/gnfurdi95kgzmn8yzms5i6uurmdfbwhwsf34wone to view build report, insights, and many more debugging information all at one place!

2025-04-15 21:28:38 - [32minfo[39m: Visit https://observability.browserstack.com/builds/c2rzcbdwagomypybhv27j30mfgxbddt72dwt4xb7 to view build report, insights, and many more debugging information all at one place!

2025-04-15 21:28:38 - [32minfo[39m: Visit https://observability.browserstack.com/builds/cf97zhjgcj0dqopfmjwjptcf6cum0qyfiwpnxnbo to view build report, insights, and many more debugging information all at one place!

2025-04-15 21:28:38 - [32minfo[39m: Shutdown triggered by SIGHUP
2025-04-15 21:28:38 - [32minfo[39m: Shutdown triggered by SIGHUP
2025-04-15 21:28:38 - [32minfo[39m: Visit https://observability.browserstack.com/builds/bynfhmrvyoj8sttnmva6ipa0shhyagc57i6ssrpp to view build report, insights, and many more debugging information all at one place!

2025-04-15 21:28:39 - [32minfo[39m: View build on BrowserStack dashboard: https://automate.browserstack.com/dashboard/v2/builds/61bdd7d6b2389183eb8053019b149ed8642badc3
2025-04-15 21:28:39 - [32minfo[39m: View build on BrowserStack dashboard: https://automate.browserstack.com/dashboard/v2/builds/5dfdd4d1c8cda29fa9e56f5ea7694ae6474c1a9c
2025-04-15 21:28:39 - [32minfo[39m: View build on BrowserStack dashboard: https://automate.browserstack.com/dashboard/v2/builds/30f3ba9159f43608f2161ef258483ab042ced334
2025-04-15 21:28:39 - [32minfo[39m: View build on BrowserStack dashboard: https://automate.browserstack.com/dashboard/v2/builds/a72c81c6ccb0742692d79cef8240513d438218d6
2025-04-15 21:28:39 - [32minfo[39m: SDK run ended for id: 736e17c8-2fb4-4f60-a42a-5c653498922d, testhub id: cf97zhjgcj0dqopfmjwjptcf6cum0qyfiwpnxnbo
2025-04-15 21:28:39 - [32minfo[39m: SDK run ended for id: b881dd88-f04f-4cee-a5a7-b369aaa5b5ce, testhub id: c2rzcbdwagomypybhv27j30mfgxbddt72dwt4xb7
2025-04-15 21:28:39 - [32minfo[39m: SDK run ended for id: b9bcddc5-bac6-4996-9418-bda769e4ca59, testhub id: bynfhmrvyoj8sttnmva6ipa0shhyagc57i6ssrpp
2025-04-15 21:28:39 - [32minfo[39m: SDK run ended for id: 54c9dfef-77b6-435d-9632-3c598b9d3ab2, testhub id: gnfurdi95kgzmn8yzms5i6uurmdfbwhwsf34wone
2025-04-15 21:28:40 - [32minfo[39m: Deleting C:\QA_Lead\Курси\RD_auto\Source\howework\homework_Yatsenko_Nadiia\lesson19\playwright-browserstack-sdk.config.ts
2025-04-15 21:28:40 - [32minfo[39m: Deleting C:\QA_Lead\Курси\RD_auto\Source\howework\homework_Yatsenko_Nadiia\lesson19\playwright-browserstack-sdk.config.ts
2025-04-15 21:28:40 - [32minfo[39m: Deleting C:\QA_Lead\Курси\RD_auto\Source\howework\homework_Yatsenko_Nadiia\lesson19\playwright-browserstack-sdk.config.ts
